Removed Pin From Net: NetName=RESET Pin=C3-1
Added Component: Designator=C4(0805)
Add component. Clean all parameters for all variants
Add component (AddParameter): Name = "Cap"; Value = "22p"; VariantName = "[No Variations]"
Added Component: Designator=C5(0805)
Add component. Clean all parameters for all variants
Add component (AddParameter): Name = "Cap"; Value = "22p"; VariantName = "[No Variations]"
Added Component: Designator=C6(0805)
Add component. Clean all parameters for all variants
Add component (AddParameter): Name = "Cap"; Value = "22p"; VariantName = "[No Variations]"
Added Component: Designator=C7(0805)
Add component. Clean all parameters for all variants
Add component (AddParameter): Name = "Cap"; Value = "22p"; VariantName = "[No Variations]"
Added Component: Designator=Y1(NDK NX3225SA)
Add component. Clean all parameters for all variants
Add component (AddParameter): Name = "ComponentLink1Description"; Value = "Datasheet"; VariantName = "[No Variations]"
Add component (AddParameter): Name = "ComponentLink1URL"; Value = "http://media.digikey.com/pdf/Data%20Sheets/NDK%20PDFs/NX3225SA.pdf"; VariantName = "[No Variations]"
Add component (AddParameter): Name = "ComponentLink2Description"; Value = "Digi-Key Listing"; VariantName = "[No Variations]"
Add component (AddParameter): Name = "ComponentLink2URL"; Value = "http://www.digikey.com/product-detail/en/NX3225SA-16.000MHZ-STD-CSR-1/644-1049-2-ND/1128831"; VariantName = "[No Variations]"
Add component (AddParameter): Name = "Device Package"; Value = "4-SMD, No Lead (DFN, LCC)"; VariantName = "[No Variations]"
Add component (AddParameter): Name = "ESR"; Value = "80 Ohm"; VariantName = "[No Variations]"
Add component (AddParameter): Name = "Frequency"; Value = "16MHz"; VariantName = "[No Variations]"
Add component (AddParameter): Name = "Frequency Stability"; Value = "15ppm"; VariantName = "[No Variations]"
Add component (AddParameter): Name = "Frequency Tolerance"; Value = "15ppm"; VariantName = "[No Variations]"
Add component (AddParameter): Name = "Load Capacitance"; Value = "8pF"; VariantName = "[No Variations]"
Add component (AddParameter): Name = "Manufacturer"; Value = "NDK"; VariantName = "[No Variations]"
Add component (AddParameter): Name = "Operating Mode"; Value = "Fundamental"; VariantName = "[No Variations]"
Add component (AddParameter): Name = "PartId"; Value = "8509"; VariantName = "[No Variations]"
Add component (AddParameter): Name = "Part Number"; Value = "NX3225SA-16.000MHZ-STD-CSR-1"; VariantName = "[No Variations]"
Add component (AddParameter): Name = "Price"; Value = "0,3799"; VariantName = "[No Variations]"
Add component (AddParameter): Name = "Supplier 1"; Value = "Digi-Key"; VariantName = "[No Variations]"
Add component (AddParameter): Name = "Supplier Part Number 1"; Value = "644-1049-2-ND"; VariantName = "[No Variations]"
Add component (AddParameter): Name = "Type"; Value = "MHz Crystal"; VariantName = "[No Variations]"
Added Component: Designator=Y2(NDK NX3225SA)
Add component. Clean all parameters for all variants
Add component (AddParameter): Name = "ComponentLink1Description"; Value = "Datasheet"; VariantName = "[No Variations]"
Add component (AddParameter): Name = "ComponentLink1URL"; Value = "http://media.digikey.com/pdf/Data%20Sheets/NDK%20PDFs/NX3225SA.pdf"; VariantName = "[No Variations]"
Add component (AddParameter): Name = "ComponentLink2Description"; Value = "Digi-Key Listing"; VariantName = "[No Variations]"
Add component (AddParameter): Name = "ComponentLink2URL"; Value = "http://www.digikey.com/product-detail/en/NX3225SA-16.000MHZ-STD-CSR-1/644-1049-2-ND/1128831"; VariantName = "[No Variations]"
Add component (AddParameter): Name = "Device Package"; Value = "4-SMD, No Lead (DFN, LCC)"; VariantName = "[No Variations]"
Add component (AddParameter): Name = "ESR"; Value = "80 Ohm"; VariantName = "[No Variations]"
Add component (AddParameter): Name = "Frequency"; Value = "16MHz"; VariantName = "[No Variations]"
Add component (AddParameter): Name = "Frequency Stability"; Value = "15ppm"; VariantName = "[No Variations]"
Add component (AddParameter): Name = "Frequency Tolerance"; Value = "15ppm"; VariantName = "[No Variations]"
Add component (AddParameter): Name = "Load Capacitance"; Value = "8pF"; VariantName = "[No Variations]"
Add component (AddParameter): Name = "Manufacturer"; Value = "NDK"; VariantName = "[No Variations]"
Add component (AddParameter): Name = "Operating Mode"; Value = "Fundamental"; VariantName = "[No Variations]"
Add component (AddParameter): Name = "PartId"; Value = "8509"; VariantName = "[No Variations]"
Add component (AddParameter): Name = "Part Number"; Value = "NX3225SA-16.000MHZ-STD-CSR-1"; VariantName = "[No Variations]"
Add component (AddParameter): Name = "Price"; Value = "0,3799"; VariantName = "[No Variations]"
Add component (AddParameter): Name = "Supplier 1"; Value = "Digi-Key"; VariantName = "[No Variations]"
Add component (AddParameter): Name = "Supplier Part Number 1"; Value = "644-1049-2-ND"; VariantName = "[No Variations]"
Add component (AddParameter): Name = "Type"; Value = "MHz Crystal"; VariantName = "[No Variations]"
Added Pin To Net: NetName=GND Pin=C4-1
Added Pin To Net: NetName=XTAL1 Pin=C4-2
Added Pin To Net: NetName=XTAL2 Pin=C5-1
Added Pin To Net: NetName=GND Pin=C5-2
Added Pin To Net: NetName=GND Pin=C6-1
Added Pin To Net: NetName=CTAL1 Pin=C6-2
Added Pin To Net: NetName=CTAL2 Pin=C7-1
Added Pin To Net: NetName=GND Pin=C7-2
Added Pin To Net: NetName=XTAL1 Pin=Y1-1
Added Pin To Net: NetName=GND Pin=Y1-2
Added Pin To Net: NetName=XTAL2 Pin=Y1-3
Added Pin To Net: NetName=GND Pin=Y1-4
Added Pin To Net: NetName=CTAL1 Pin=Y2-1
Added Pin To Net: NetName=GND Pin=Y2-2
Added Pin To Net: NetName=CTAL2 Pin=Y2-3
Added Pin To Net: NetName=GND Pin=Y2-4
Added Member To Class: ClassName=PCB_Emergencia Member=Component C4 CapacitorStandard 0603 ceramic capacitor, and 0.1" leaded capacitor.
Added Member To Class: ClassName=PCB_Emergencia Member=Component C5 CapacitorStandard 0603 ceramic capacitor, and 0.1" leaded capacitor.
Added Member To Class: ClassName=PCB_Emergencia Member=Component C6 CapacitorStandard 0603 ceramic capacitor, and 0.1" leaded capacitor.
Added Member To Class: ClassName=PCB_Emergencia Member=Component C7 CapacitorStandard 0603 ceramic capacitor, and 0.1" leaded capacitor.
Added Member To Class: ClassName=PCB_Emergencia Member=Component Y1 16MHz
Added Member To Class: ClassName=PCB_Emergencia Member=Component Y2 16MHz
