Removed Pin From Net: NetName=9V Pin=D1-A
Removed Pin From Net: NetName=NetC13_+ Pin=D1-C
Removed Pin From Net: NetName=9V Pin=R12-2
Removed Pin From Net: NetName=GND Pin=R16-1
Removed Member From Class: ClassName=PCB_Emergencia Member=R19
Removed Member From Class: ClassName=PCB_Emergencia Member=R20
Change Component Designator: OldDesignator=24V NewDesignator=1
Change Component Designator: OldDesignator=R14 NewDesignator=R13
Change Component Designator: OldDesignator=R15 NewDesignator=R14
Change Component Designator: OldDesignator=R17 NewDesignator=R15
Change Component Designator: OldDesignator=R18 NewDesignator=R16
Change Component Designator: OldDesignator=R19 NewDesignator=R17
Change Component Designator: OldDesignator=R20 NewDesignator=R18
Change component parameters: Designator = "R17"; Footprint = "0805"; UniqueID = "\PBGFOUXQ"
Change component parameters. Clean all parameters for all variants
Change component parameters (AddParameter): Name = "Res"; Value = "560"; VariantName = "[No Variations]"
Change component parameters: Designator = "R18"; Footprint = "0805"; UniqueID = "\CSJYTGRO"
Change component parameters. Clean all parameters for all variants
Change component parameters (AddParameter): Name = "Res"; Value = "560"; VariantName = "[No Variations]"
Added Component: Designator=D1(SS26FL)
Add component. Clean all parameters for all variants
Add component (AddParameter): Name = "PROD_ID"; Value = "SS26FL"; VariantName = "[No Variations]"
Added Component: Designator=R12(3296W)
Add component. Clean all parameters for all variants
Add component (AddParameter): Name = "Value"; Value = "20k"; VariantName = "[No Variations]"
Added Pin To Net: NetName=9V Pin=D1-A
Added Pin To Net: NetName=NetC13_+ Pin=D1-C
Added Pin To Net: NetName=9V Pin=R12-1
Added Pin To Net: NetName=GND Pin=R12-3
Added Pin To Net: NetName=NetR12_2 Pin=R12-2
Added Pin To Net: NetName=NetR12_2 Pin=U4-3
Added Net: Name=NetR12_2
Added Room: Name=PCB_Emergencia
